{"meta": {"format": 3, "version": "7.11.0", "timestamp": "2025-11-05T21:48:46.246432", "branch_coverage": false, "show_contexts": false}, "files": {"auth.py": {"executed_lines": [], "summary": {"covered_lines": 0, "num_statements": 21, "percent_covered": 0.0, "percent_covered_display": "0", "missing_lines": 21, "excluded_lines": 0}, "missing_lines": [4, 5, 6, 7, 9, 12, 15, 29, 31, 33, 37, 40, 41, 45, 51, 52, 56, 61, 62, 65, 72], "excluded_lines": [], "functions": {"verify_api_key": {"executed_lines": [], "summary": {"covered_lines": 0, "num_statements": 12, "percent_covered": 0.0, "percent_covered_display": "0", "missing_lines": 12, "excluded_lines": 0}, "missing_lines": [29, 31, 33, 37, 40, 41, 45, 51, 52, 56, 61, 62], "excluded_lines": []}, "is_auth_enabled": {"executed_lines": [], "summary": {"covered_lines": 0, "num_statements": 1, "percent_covered": 0.0, "percent_covered_display": "0", "missing_lines": 1, "excluded_lines": 0}, "missing_lines": [72], "excluded_lines": []}, "": {"executed_lines": [], "summary": {"covered_lines": 0, "num_statements": 8, "percent_covered": 0.0, "percent_covered_display": "0", "missing_lines": 8, "excluded_lines": 0}, "missing_lines": [4, 5, 6, 7, 9, 12, 15, 65], "excluded_lines": []}}, "classes": {"": {"executed_lines": [], "summary": {"covered_lines": 0, "num_statements": 21, "percent_covered": 0.0, "percent_covered_display": "0", "missing_lines": 21, "excluded_lines": 0}, "missing_lines": [4, 5, 6, 7, 9, 12, 15, 29, 31, 33, 37, 40, 41, 45, 51, 52, 56, 61, 62, 65, 72], "excluded_lines": []}}}, "document_loader.py": {"executed_lines": [1, 2, 3, 5, 14, 20, 21, 22, 47, 53, 54, 56, 57, 58, 59, 60, 62], "summary": {"covered_lines": 17, "num_statements": 79, "percent_covered": 21.518987341772153, "percent_covered_display": "22", "missing_lines": 62, "excluded_lines": 0}, "missing_lines": [24, 25, 26, 27, 28, 29, 31, 32, 33, 34, 36, 37, 38, 39, 40, 42, 43, 44, 45, 46, 48, 49, 50, 68, 69, 70, 71, 72, 73, 74, 77, 79, 80, 81, 82, 83, 84, 85, 86, 88, 89, 90, 93, 94, 95, 96, 97, 99, 100, 101, 102, 103, 105, 107, 108, 109, 110, 111, 112, 114, 115, 116], "excluded_lines": [], "functions": {"process_file": {"executed_lines": [21, 22, 47, 53, 54, 56, 57, 58, 59, 60], "summary": {"covered_lines": 10, "num_statements": 33, "percent_covered": 30.303030303030305, "percent_covered_display": "30", "missing_lines": 23, "excluded_lines": 0}, "missing_lines": [24, 25, 26, 27, 28, 29, 31, 32, 33, 34, 36, 37, 38, 39, 40, 42, 43, 44, 45, 46, 48, 49, 50], "excluded_lines": []}, "load_documents_robustly": {"executed_lines": [], "summary": {"covered_lines": 0, "num_statements": 39, "percent_covered": 0.0, "percent_covered_display": "0", "missing_lines": 39, "excluded_lines": 0}, "missing_lines": [68, 69, 70, 71, 72, 73, 74, 77, 79, 80, 81, 82, 83, 84, 85, 86, 88, 89, 90, 93, 94, 95, 96, 97, 99, 100, 101, 102, 103, 105, 107, 108, 109, 110, 111, 112, 114, 115, 116], "excluded_lines": []}, "": {"executed_lines": [1, 2, 3, 5, 14, 20, 62], "summary": {"covered_lines": 7, "num_statements": 7, "percent_covered": 100.0, "percent_covered_display": "100", "missing_lines": 0, "excluded_lines": 0}, "missing_lines": [], "excluded_lines": []}}, "classes": {"": {"executed_lines": [1, 2, 3, 5, 14, 20, 21, 22, 47, 53, 54, 56, 57, 58, 59, 60, 62], "summary": {"covered_lines": 17, "num_statements": 79, "percent_covered": 21.518987341772153, "percent_covered_display": "22", "missing_lines": 62, "excluded_lines": 0}, "missing_lines": [24, 25, 26, 27, 28, 29, 31, 32, 33, 34, 36, 37, 38, 39, 40, 42, 43, 44, 45, 46, 48, 49, 50, 68, 69, 70, 71, 72, 73, 74, 77, 79, 80, 81, 82, 83, 84, 85, 86, 88, 89, 90, 93, 94, 95, 96, 97, 99, 100, 101, 102, 103, 105, 107, 108, 109, 110, 111, 112, 114, 115, 116], "excluded_lines": []}}}, "embedding_config.py": {"executed_lines": [1, 4, 5, 6, 7, 8, 12, 14, 15, 17, 18, 25, 26, 28, 30, 32, 33, 34, 37, 46, 48, 49, 56, 58, 59, 61, 64, 72, 78, 87, 95], "summary": {"covered_lines": 29, "num_statements": 35, "percent_covered": 82.85714285714286, "percent_covered_display": "83", "missing_lines": 6, "excluded_lines": 0}, "missing_lines": [9, 10, 35, 39, 40, 65], "excluded_lines": [], "functions": {"EmbeddingProvider.get_embeddings": {"executed_lines": [25, 26, 28, 30, 32, 33, 34, 37, 46, 48, 49, 56], "summary": {"covered_lines": 12, "num_statements": 15, "percent_covered": 80.0, "percent_covered_display": "80", "missing_lines": 3, "excluded_lines": 0}, "missing_lines": [35, 39, 40], "excluded_lines": []}, "EmbeddingProvider.get_available_providers": {"executed_lines": [61, 64, 72, 78, 87, 95], "summary": {"covered_lines": 6, "num_statements": 7, "percent_covered": 85.71428571428571, "percent_covered_display": "86", "missing_lines": 1, "excluded_lines": 0}, "missing_lines": [65], "excluded_lines": []}, "": {"executed_lines": [1, 4, 5, 6, 7, 8, 12, 14, 15, 17, 18, 58, 59], "summary": {"covered_lines": 11, "num_statements": 13, "percent_covered": 84.61538461538461, "percent_covered_display": "85", "missing_lines": 2, "excluded_lines": 0}, "missing_lines": [9, 10], "excluded_lines": []}}, "classes": {"EmbeddingProvider": {"executed_lines": [25, 26, 28, 30, 32, 33, 34, 37, 46, 48, 49, 56, 61, 64, 72, 78, 87, 95], "summary": {"covered_lines": 18, "num_statements": 22, "percent_covered": 81.81818181818181, "percent_covered_display": "82", "missing_lines": 4, "excluded_lines": 0}, "missing_lines": [35, 39, 40, 65], "excluded_lines": []}, "": {"executed_lines": [1, 4, 5, 6, 7, 8, 12, 14, 15, 17, 18, 58, 59], "summary": {"covered_lines": 11, "num_statements": 13, "percent_covered": 84.61538461538461, "percent_covered_display": "85", "missing_lines": 2, "excluded_lines": 0}, "missing_lines": [9, 10], "excluded_lines": []}}}, "embedding_optimizer.py": {"executed_lines": [1, 4, 5, 6, 8, 21, 22, 24, 29, 55, 56, 58, 60, 71, 81, 92, 101, 114, 119, 142, 145, 146, 154], "summary": {"covered_lines": 22, "num_statements": 58, "percent_covered": 37.93103448275862, "percent_covered_display": "38", "missing_lines": 36, "excluded_lines": 0}, "missing_lines": [26, 27, 33, 34, 35, 36, 38, 41, 42, 43, 44, 46, 49, 50, 51, 72, 82, 116, 117, 121, 122, 125, 126, 127, 128, 130, 133, 134, 135, 136, 138, 147, 148, 149, 151, 152], "excluded_lines": [], "functions": {"get_optimal_config": {"executed_lines": [21, 22, 24, 29, 55, 56, 58], "summary": {"covered_lines": 7, "num_statements": 22, "percent_covered": 31.818181818181817, "percent_covered_display": "32", "missing_lines": 15, "excluded_lines": 0}, "missing_lines": [26, 27, 33, 34, 35, 36, 38, 41, 42, 43, 44, 46, 49, 50, 51], "excluded_lines": []}, "get_processing_strategy": {"executed_lines": [71, 81, 92], "summary": {"covered_lines": 3, "num_statements": 5, "percent_covered": 60.0, "percent_covered_display": "60", "missing_lines": 2, "excluded_lines": 0}, "missing_lines": [72, 82], "excluded_lines": []}, "estimate_processing_time": {"executed_lines": [114, 119, 142, 145, 146, 154], "summary": {"covered_lines": 6, "num_statements": 25, "percent_covered": 24.0, "percent_covered_display": "24", "missing_lines": 19, "excluded_lines": 0}, "missing_lines": [116, 117, 121, 122, 125, 126, 127, 128, 130, 133, 134, 135, 136, 138, 147, 148, 149, 151, 152], "excluded_lines": []}, "": {"executed_lines": [1, 4, 5, 6, 8, 60, 101], "summary": {"covered_lines": 6, "num_statements": 6, "percent_covered": 100.0, "percent_covered_display": "100", "missing_lines": 0, "excluded_lines": 0}, "missing_lines": [], "excluded_lines": []}}, "classes": {"": {"executed_lines": [1, 4, 5, 6, 8, 21, 22, 24, 29, 55, 56, 58, 60, 71, 81, 92, 101, 114, 119, 142, 145, 146, 154], "summary": {"covered_lines": 22, "num_statements": 58, "percent_covered": 37.93103448275862, "percent_covered_display": "38", "missing_lines": 36, "excluded_lines": 0}, "missing_lines": [26, 27, 33, 34, 35, 36, 38, 41, 42, 43, 44, 46, 49, 50, 51, 72, 82, 116, 117, 121, 122, 125, 126, 127, 128, 130, 133, 134, 135, 136, 138, 147, 148, 149, 151, 152], "excluded_lines": []}}}, "logging_config.py": {"executed_lines": [1, 4, 5, 6, 9, 17, 24, 42, 52, 53], "summary": {"covered_lines": 9, "num_statements": 10, "percent_covered": 90.0, "percent_covered_display": "90", "missing_lines": 1, "excluded_lines": 0}, "missing_lines": [54], "excluded_lines": [], "functions": {"setup_logging": {"executed_lines": [17, 24], "summary": {"covered_lines": 2, "num_statements": 2, "percent_covered": 100.0, "percent_covered_display": "100", "missing_lines": 0, "excluded_lines": 0}, "missing_lines": [], "excluded_lines": []}, "get_logger": {"executed_lines": [52, 53], "summary": {"covered_lines": 2, "num_statements": 3, "percent_covered": 66.66666666666667, "percent_covered_display": "67", "missing_lines": 1, "excluded_lines": 0}, "missing_lines": [54], "excluded_lines": []}, "": {"executed_lines": [1, 4, 5, 6, 9, 42], "summary": {"covered_lines": 5, "num_statements": 5, "percent_covered": 100.0, "percent_covered_display": "100", "missing_lines": 0, "excluded_lines": 0}, "missing_lines": [], "excluded_lines": []}}, "classes": {"": {"executed_lines": [1, 4, 5, 6, 9, 17, 24, 42, 52, 53], "summary": {"covered_lines": 9, "num_statements": 10, "percent_covered": 90.0, "percent_covered_display": "90", "missing_lines": 1, "excluded_lines": 0}, "missing_lines": [54], "excluded_lines": []}}}, "main.py": {"executed_lines": [1, 2, 3, 4, 5, 6, 7, 8, 9, 10, 12, 13, 14, 15, 16, 17, 18, 21, 22, 26, 27, 29, 30, 31, 33, 34, 42, 49, 50, 52, 53, 54, 56, 58, 214, 215, 216, 217, 220, 221, 228, 229, 231, 232, 239, 240], "summary": {"covered_lines": 46, "num_statements": 168, "percent_covered": 27.38095238095238, "percent_covered_display": "27", "missing_lines": 122, "excluded_lines": 0}, "missing_lines": [23, 36, 37, 39, 62, 63, 64, 67, 68, 70, 71, 72, 73, 75, 76, 77, 78, 80, 81, 82, 83, 84, 86, 87, 88, 90, 91, 93, 95, 96, 97, 99, 101, 102, 103, 104, 107, 108, 111, 112, 113, 115, 116, 122, 123, 126, 127, 129, 130, 132, 133, 135, 136, 137, 139, 142, 145, 146, 147, 148, 149, 150, 151, 152, 154, 155, 156, 157, 158, 159, 160, 161, 162, 163, 165, 167, 168, 169, 170, 171, 172, 173, 174, 177, 179, 181, 182, 183, 184, 185, 186, 187, 190, 191, 193, 194, 195, 197, 198, 200, 201, 202, 203, 204, 205, 207, 208, 209, 210, 218, 222, 241, 242, 244, 245, 246, 247, 249, 257, 259, 260, 261], "excluded_lines": [], "functions": {"lifespan": {"executed_lines": [], "summary": {"covered_lines": 0, "num_statements": 3, "percent_covered": 0.0, "percent_covered_display": "0", "missing_lines": 3, "excluded_lines": 0}, "missing_lines": [36, 37, 39], "excluded_lines": []}, "index_repository": {"executed_lines": [], "summary": {"covered_lines": 0, "num_statements": 78, "percent_covered": 0.0, "percent_covered_display": "0", "missing_lines": 78, "excluded_lines": 0}, "missing_lines": [62, 63, 64, 67, 68, 70, 71, 72, 73, 75, 76, 77, 78, 80, 81, 82, 83, 84, 86, 87, 88, 90, 91, 93, 95, 96, 97, 99, 101, 102, 103, 104, 107, 108, 111, 112, 113, 115, 116, 122, 123, 126, 127, 129, 130, 132, 133, 135, 136, 137, 139, 165, 177, 179, 181, 182, 183, 184, 185, 186, 187, 190, 191, 193, 194, 195, 197, 198, 200, 201, 202, 203, 204, 205, 207, 208, 209, 210], "excluded_lines": []}, "index_repository.send_batch_openai": {"executed_lines": [], "summary": {"covered_lines": 0, "num_statements": 19, "percent_covered": 0.0, "percent_covered_display": "0", "missing_lines": 19, "excluded_lines": 0}, "missing_lines": [142, 145, 146, 147, 148, 149, 150, 151, 152, 154, 155, 156, 157, 158, 159, 160, 161, 162, 163], "excluded_lines": []}, "index_repository.send_batch_local": {"executed_lines": [], "summary": {"covered_lines": 0, "num_statements": 8, "percent_covered": 0.0, "percent_covered_display": "0", "missing_lines": 8, "excluded_lines": 0}, "missing_lines": [167, 168, 169, 170, 171, 172, 173, 174], "excluded_lines": []}, "read_root": {"executed_lines": [216, 217], "summary": {"covered_lines": 2, "num_statements": 3, "percent_covered": 66.66666666666667, "percent_covered_display": "67", "missing_lines": 1, "excluded_lines": 0}, "missing_lines": [218], "excluded_lines": []}, "health_check": {"executed_lines": [], "summary": {"covered_lines": 0, "num_statements": 1, "percent_covered": 0.0, "percent_covered_display": "0", "missing_lines": 1, "excluded_lines": 0}, "missing_lines": [222], "excluded_lines": []}, "embedding_info": {"executed_lines": [231, 232], "summary": {"covered_lines": 2, "num_statements": 2, "percent_covered": 100.0, "percent_covered_display": "100", "missing_lines": 0, "excluded_lines": 0}, "missing_lines": [], "excluded_lines": []}, "retrieve_context": {"executed_lines": [], "summary": {"covered_lines": 0, "num_statements": 11, "percent_covered": 0.0, "percent_covered_display": "0", "missing_lines": 11, "excluded_lines": 0}, "missing_lines": [241, 242, 244, 245, 246, 247, 249, 257, 259, 260, 261], "excluded_lines": []}, "": {"executed_lines": [1, 2, 3, 4, 5, 6, 7, 8, 9, 10, 12, 13, 14, 15, 16, 17, 18, 21, 22, 26, 27, 29, 30, 31, 33, 34, 42, 49, 50, 52, 53, 54, 56, 58, 214, 215, 220, 221, 228, 229, 239, 240], "summary": {"covered_lines": 42, "num_statements": 43, "percent_covered": 97.67441860465117, "percent_covered_display": "98", "missing_lines": 1, "excluded_lines": 0}, "missing_lines": [23], "excluded_lines": []}}, "classes": {"": {"executed_lines": [1, 2, 3, 4, 5, 6, 7, 8, 9, 10, 12, 13, 14, 15, 16, 17, 18, 21, 22, 26, 27, 29, 30, 31, 33, 34, 42, 49, 50, 52, 53, 54, 56, 58, 214, 215, 216, 217, 220, 221, 228, 229, 231, 232, 239, 240], "summary": {"covered_lines": 46, "num_statements": 168, "percent_covered": 27.38095238095238, "percent_covered_display": "27", "missing_lines": 122, "excluded_lines": 0}, "missing_lines": [23, 36, 37, 39, 62, 63, 64, 67, 68, 70, 71, 72, 73, 75, 76, 77, 78, 80, 81, 82, 83, 84, 86, 87, 88, 90, 91, 93, 95, 96, 97, 99, 101, 102, 103, 104, 107, 108, 111, 112, 113, 115, 116, 122, 123, 126, 127, 129, 130, 132, 133, 135, 136, 137, 139, 142, 145, 146, 147, 148, 149, 150, 151, 152, 154, 155, 156, 157, 158, 159, 160, 161, 162, 163, 165, 167, 168, 169, 170, 171, 172, 173, 174, 177, 179, 181, 182, 183, 184, 185, 186, 187, 190, 191, 193, 194, 195, 197, 198, 200, 201, 202, 203, 204, 205, 207, 208, 209, 210, 218, 222, 241, 242, 244, 245, 246, 247, 249, 257, 259, 260, 261], "excluded_lines": []}}}, "models.py": {"executed_lines": [1, 2, 3, 5, 6, 7, 9, 10, 11, 13, 14, 17, 20, 21, 24, 31, 32, 33, 35, 37, 38, 39, 41, 42, 43], "summary": {"covered_lines": 25, "num_statements": 25, "percent_covered": 100.0, "percent_covered_display": "100", "missing_lines": 0, "excluded_lines": 0}, "missing_lines": [], "excluded_lines": [], "functions": {"RetrieveRequest.validate_query": {"executed_lines": [13, 14, 17, 20, 21, 24, 31, 32, 33, 35], "summary": {"covered_lines": 10, "num_statements": 10, "percent_covered": 100.0, "percent_covered_display": "100", "missing_lines": 0, "excluded_lines": 0}, "missing_lines": [], "excluded_lines": []}, "": {"executed_lines": [1, 2, 3, 5, 6, 7, 9, 10, 11, 37, 38, 39, 41, 42, 43], "summary": {"covered_lines": 15, "num_statements": 15, "percent_covered": 100.0, "percent_covered_display": "100", "missing_lines": 0, "excluded_lines": 0}, "missing_lines": [], "excluded_lines": []}}, "classes": {"RetrieveRequest": {"executed_lines": [13, 14, 17, 20, 21, 24, 31, 32, 33, 35], "summary": {"covered_lines": 10, "num_statements": 10, "percent_covered": 100.0, "percent_covered_display": "100", "missing_lines": 0, "excluded_lines": 0}, "missing_lines": [], "excluded_lines": []}, "DocumentFragment": {"executed_lines": [], "summary": {"covered_lines": 0, "num_statements": 0, "percent_covered": 100.0, "percent_covered_display": "100", "missing_lines": 0, "excluded_lines": 0}, "missing_lines": [], "excluded_lines": []}, "RetrieveResponse": {"executed_lines": [], "summary": {"covered_lines": 0, "num_statements": 0, "percent_covered": 100.0, "percent_covered_display": "100", "missing_lines": 0, "excluded_lines": 0}, "missing_lines": [], "excluded_lines": []}, "": {"executed_lines": [1, 2, 3, 5, 6, 7, 9, 10, 11, 37, 38, 39, 41, 42, 43], "summary": {"covered_lines": 15, "num_statements": 15, "percent_covered": 100.0, "percent_covered_display": "100", "missing_lines": 0, "excluded_lines": 0}, "missing_lines": [], "excluded_lines": []}}}, "repo_utils.py": {"executed_lines": [1, 5, 6, 7, 8, 9, 12, 22, 23, 24, 25, 26, 27, 28, 33, 43, 45, 46, 47, 49, 52, 55, 81, 84, 85, 87, 90, 94, 97, 106, 109, 126, 127, 129, 130, 131, 134, 140, 146, 147, 150, 151, 152, 155, 156, 160, 161, 162, 165, 168, 187, 188, 191, 192, 195, 196, 199, 202], "summary": {"covered_lines": 57, "num_statements": 108, "percent_covered": 52.77777777777778, "percent_covered_display": "53", "missing_lines": 51, "excluded_lines": 0}, "missing_lines": [29, 30, 48, 50, 91, 132, 135, 136, 137, 138, 141, 142, 143, 148, 153, 157, 163, 256, 257, 258, 260, 263, 264, 266, 269, 272, 273, 274, 276, 279, 281, 282, 284, 287, 288, 295, 297, 298, 300, 302, 303, 305, 306, 313, 314, 319, 320, 326, 332, 333, 334], "excluded_lines": [], "functions": {"get_repo_name_from_url": {"executed_lines": [22, 23, 24, 25, 26, 27, 28], "summary": {"covered_lines": 7, "num_statements": 9, "percent_covered": 77.77777777777777, "percent_covered_display": "78", "missing_lines": 2, "excluded_lines": 0}, "missing_lines": [29, 30], "excluded_lines": []}, "detect_git_provider": {"executed_lines": [43, 45, 46, 47, 49, 52], "summary": {"covered_lines": 6, "num_statements": 8, "percent_covered": 75.0, "percent_covered_display": "75", "missing_lines": 2, "excluded_lines": 0}, "missing_lines": [48, 50], "excluded_lines": []}, "inject_token_in_url": {"executed_lines": [81, 84, 85, 87, 90, 94, 97, 106], "summary": {"covered_lines": 8, "num_statements": 9, "percent_covered": 88.88888888888889, "percent_covered_display": "89", "missing_lines": 1, "excluded_lines": 0}, "missing_lines": [91], "excluded_lines": []}, "get_git_credentials": {"executed_lines": [126, 127, 129, 130, 131, 134, 140, 146, 147, 150, 151, 152, 155, 156, 160, 161, 162, 165], "summary": {"covered_lines": 18, "num_statements": 30, "percent_covered": 60.0, "percent_covered_display": "60", "missing_lines": 12, "excluded_lines": 0}, "missing_lines": [132, 135, 136, 137, 138, 141, 142, 143, 148, 153, 157, 163], "excluded_lines": []}, "get_authenticated_url": {"executed_lines": [187, 188, 191, 192, 195, 196, 199], "summary": {"covered_lines": 7, "num_statements": 7, "percent_covered": 100.0, "percent_covered_display": "100", "missing_lines": 0, "excluded_lines": 0}, "missing_lines": [], "excluded_lines": []}, "clone_repo": {"executed_lines": [], "summary": {"covered_lines": 0, "num_statements": 34, "percent_covered": 0.0, "percent_covered_display": "0", "missing_lines": 34, "excluded_lines": 0}, "missing_lines": [256, 257, 258, 260, 263, 264, 266, 269, 272, 273, 274, 276, 279, 281, 282, 284, 287, 288, 295, 297, 298, 300, 302, 303, 305, 306, 313, 314, 319, 320, 326, 332, 333, 334], "excluded_lines": []}, "": {"executed_lines": [1, 5, 6, 7, 8, 9, 12, 33, 55, 109, 168, 202], "summary": {"covered_lines": 11, "num_statements": 11, "percent_covered": 100.0, "percent_covered_display": "100", "missing_lines": 0, "excluded_lines": 0}, "missing_lines": [], "excluded_lines": []}}, "classes": {"": {"executed_lines": [1, 5, 6, 7, 8, 9, 12, 22, 23, 24, 25, 26, 27, 28, 33, 43, 45, 46, 47, 49, 52, 55, 81, 84, 85, 87, 90, 94, 97, 106, 109, 126, 127, 129, 130, 131, 134, 140, 146, 147, 150, 151, 152, 155, 156, 160, 161, 162, 165, 168, 187, 188, 191, 192, 195, 196, 199, 202], "summary": {"covered_lines": 57, "num_statements": 108, "percent_covered": 52.77777777777778, "percent_covered_display": "53", "missing_lines": 51, "excluded_lines": 0}, "missing_lines": [29, 30, 48, 50, 91, 132, 135, 136, 137, 138, 141, 142, 143, 148, 153, 157, 163, 256, 257, 258, 260, 263, 264, 266, 269, 272, 273, 274, 276, 279, 281, 282, 284, 287, 288, 295, 297, 298, 300, 302, 303, 305, 306, 313, 314, 319, 320, 326, 332, 333, 334], "excluded_lines": []}}}, "report_utils.py": {"executed_lines": [1, 2, 3, 4, 8, 10, 11, 15, 16, 18, 19, 20, 21], "summary": {"covered_lines": 13, "num_statements": 17, "percent_covered": 76.47058823529412, "percent_covered_display": "76", "missing_lines": 4, "excluded_lines": 0}, "missing_lines": [5, 6, 12, 13], "excluded_lines": [], "functions": {"generate_extension_report": {"executed_lines": [2, 3, 4, 8, 10, 11, 15, 16], "summary": {"covered_lines": 8, "num_statements": 12, "percent_covered": 66.66666666666667, "percent_covered_display": "67", "missing_lines": 4, "excluded_lines": 0}, "missing_lines": [5, 6, 12, 13], "excluded_lines": []}, "generate_token_report": {"executed_lines": [19, 20, 21], "summary": {"covered_lines": 3, "num_statements": 3, "percent_covered": 100.0, "percent_covered_display": "100", "missing_lines": 0, "excluded_lines": 0}, "missing_lines": [], "excluded_lines": []}, "": {"executed_lines": [1, 18], "summary": {"covered_lines": 2, "num_statements": 2, "percent_covered": 100.0, "percent_covered_display": "100", "missing_lines": 0, "excluded_lines": 0}, "missing_lines": [], "excluded_lines": []}}, "classes": {"": {"executed_lines": [1, 2, 3, 4, 8, 10, 11, 15, 16, 18, 19, 20, 21], "summary": {"covered_lines": 13, "num_statements": 17, "percent_covered": 76.47058823529412, "percent_covered_display": "76", "missing_lines": 4, "excluded_lines": 0}, "missing_lines": [5, 6, 12, 13], "excluded_lines": []}}}, "token_utils.py": {"executed_lines": [1, 2, 3, 5, 12, 17, 19, 23, 24, 25, 26, 29, 41, 43, 50, 51, 57, 61, 63, 64, 65, 72], "summary": {"covered_lines": 22, "num_statements": 30, "percent_covered": 73.33333333333333, "percent_covered_display": "73", "missing_lines": 8, "excluded_lines": 0}, "missing_lines": [14, 27, 45, 46, 48, 52, 53, 55], "excluded_lines": [], "functions": {"count_tokens_local": {"executed_lines": [12, 17], "summary": {"covered_lines": 2, "num_statements": 3, "percent_covered": 66.66666666666667, "percent_covered_display": "67", "missing_lines": 1, "excluded_lines": 0}, "missing_lines": [14], "excluded_lines": []}, "count_tokens_openai": {"executed_lines": [23, 24, 25, 26], "summary": {"covered_lines": 4, "num_statements": 5, "percent_covered": 80.0, "percent_covered_display": "80", "missing_lines": 1, "excluded_lines": 0}, "missing_lines": [27], "excluded_lines": []}, "count_tokens": {"executed_lines": [41, 43, 50, 51], "summary": {"covered_lines": 4, "num_statements": 10, "percent_covered": 40.0, "percent_covered_display": "40", "missing_lines": 6, "excluded_lines": 0}, "missing_lines": [45, 46, 48, 52, 53, 55], "excluded_lines": []}, "estimate_embedding_cost": {"executed_lines": [61, 63, 64, 65, 72], "summary": {"covered_lines": 5, "num_statements": 5, "percent_covered": 100.0, "percent_covered_display": "100", "missing_lines": 0, "excluded_lines": 0}, "missing_lines": [], "excluded_lines": []}, "": {"executed_lines": [1, 2, 3, 5, 19, 29, 57], "summary": {"covered_lines": 7, "num_statements": 7, "percent_covered": 100.0, "percent_covered_display": "100", "missing_lines": 0, "excluded_lines": 0}, "missing_lines": [], "excluded_lines": []}}, "classes": {"": {"executed_lines": [1, 2, 3, 5, 12, 17, 19, 23, 24, 25, 26, 29, 41, 43, 50, 51, 57, 61, 63, 64, 65, 72], "summary": {"covered_lines": 22, "num_statements": 30, "percent_covered": 73.33333333333333, "percent_covered_display": "73", "missing_lines": 8, "excluded_lines": 0}, "missing_lines": [14, 27, 45, 46, 48, 52, 53, 55], "excluded_lines": []}}}}, "totals": {"covered_lines": 240, "num_statements": 551, "percent_covered": 43.55716878402904, "percent_covered_display": "44", "missing_lines": 311, "excluded_lines": 0}}